0 info it worked if it ends with ok
1 verbose cli [ '/Users/user/.nvm/versions/node/v7.4.0/bin/node',
1 verbose cli   '/Users/user/.nvm/versions/node/v7.4.0/bin/npm',
1 verbose cli   'start' ]
2 info using npm@4.0.5
3 info using node@v7.4.0
4 verbose run-script [ 'prestart', 'start', 'poststart' ]
5 info lifecycle sprider@0.0.0~prestart: sprider@0.0.0
6 silly lifecycle sprider@0.0.0~prestart: no script for prestart, continuing
7 info lifecycle sprider@0.0.0~start: sprider@0.0.0
8 verbose lifecycle sprider@0.0.0~start: unsafe-perm in lifecycle true
9 verbose lifecycle sprider@0.0.0~start: PATH: /Users/user/.nvm/versions/node/v7.4.0/lib/node_modules/npm/bin/node-gyp-bin:/Users/user/Sites/case/sprider/node_modules/.bin:/Users/user/.nvm/versions/node/v7.4.0/bin:/Users/user/.rvm/gems/ruby-2.3.0/bin:/Users/user/.rvm/gems/ruby-2.3.0@global/bin:/Users/user/.rvm/rubies/ruby-2.3.0/bin:/usr/local/bin:/usr/bin:/bin:/usr/sbin:/sbin:/usr/local/git/bin:/Users/user/.rvm/bin
10 verbose lifecycle sprider@0.0.0~start: CWD: /Users/user/Sites/case/sprider
11 silly lifecycle sprider@0.0.0~start: Args: [ '-c', 'node --harmony-async-await ./bin/www' ]
12 silly lifecycle sprider@0.0.0~start: Returned: code: 1  signal: null
13 info lifecycle sprider@0.0.0~start: Failed to exec start script
14 verbose stack Error: sprider@0.0.0 start: `node --harmony-async-await ./bin/www`
14 verbose stack Exit status 1
14 verbose stack     at EventEmitter.<anonymous> (/Users/user/.nvm/versions/node/v7.4.0/lib/node_modules/npm/lib/utils/lifecycle.js:279:16)
14 verbose stack     at emitTwo (events.js:106:13)
14 verbose stack     at EventEmitter.emit (events.js:191:7)
14 verbose stack     at ChildProcess.<anonymous> (/Users/user/.nvm/versions/node/v7.4.0/lib/node_modules/npm/lib/utils/spawn.js:40:14)
14 verbose stack     at emitTwo (events.js:106:13)
14 verbose stack     at ChildProcess.emit (events.js:191:7)
14 verbose stack     at maybeClose (internal/child_process.js:885:16)
14 verbose stack     at Process.ChildProcess._handle.onexit (internal/child_process.js:226:5)
15 verbose pkgid sprider@0.0.0
16 verbose cwd /Users/user/Sites/case/sprider
17 error Darwin 16.3.0
18 error argv "/Users/user/.nvm/versions/node/v7.4.0/bin/node" "/Users/user/.nvm/versions/node/v7.4.0/bin/npm" "start"
19 error node v7.4.0
20 error npm  v4.0.5
21 error code ELIFECYCLE
22 error sprider@0.0.0 start: `node --harmony-async-await ./bin/www`
22 error Exit status 1
23 error Failed at the sprider@0.0.0 start script 'node --harmony-async-await ./bin/www'.
23 error Make sure you have the latest version of node.js and npm installed.
23 error If you do, this is most likely a problem with the sprider package,
23 error not with npm itself.
23 error Tell the author that this fails on your system:
23 error     node --harmony-async-await ./bin/www
23 error You can get information on how to open an issue for this project with:
23 error     npm bugs sprider
23 error Or if that isn't available, you can get their info via:
23 error     npm owner ls sprider
23 error There is likely additional logging output above.
24 verbose exit [ 1, true ]
